[27 oct. 2014, 11:56:30]

[FileNames]
Exe=Dropbox.exe
SaveAs=Dropbox.exe
Log=

[Commands]
-addoverwrite customDbIcons\1.ico, IconGroup, 1,
  Modified: ICONGROUP,1,0
-addoverwrite customDbIcons\101.ico, IconGroup, 101,
  Modified: ICONGROUP,101,0
-addoverwrite customDbIcons\201.ico, IconGroup, 201,
  Modified: ICONGROUP,201,0
-addoverwrite customDbIcons\301.ico, IconGroup, 301,
  Modified: ICONGROUP,301,0
-addoverwrite customDbIcons\401.ico, IconGroup, 401,
  Modified: ICONGROUP,401,0
-addoverwrite customDbIcons\501.ico, IconGroup, 501,
  Modified: ICONGROUP,501,0
-addskip customDbIcons\101.ico, IconGroup, 111,
  Added: ICONGROUP,111,0
-delete IconGroup, 111,
  Deleted: ICONGROUP,111,0
-addskip customDbIcons\101.ico, IconGroup, 112,
  Added: ICONGROUP,112,0
-delete IconGroup, 112,
  Deleted: ICONGROUP,112,0
-addskip customDbIcons\101.ico, IconGroup, 113,
  Added: ICONGROUP,113,0
-delete IconGroup, 113,
  Deleted: ICONGROUP,113,0
-addskip customDbIcons\101.ico, IconGroup, 114,
  Added: ICONGROUP,114,0
-delete IconGroup, 114,
  Deleted: ICONGROUP,114,0
-addskip customDbIcons\101.ico, IconGroup, 115,
  Added: ICONGROUP,115,0
-delete IconGroup, 115,
  Deleted: ICONGROUP,115,0
-addskip customDbIcons\101.ico, IconGroup, 116,
  Added: ICONGROUP,116,0
-delete IconGroup, 116,
  Deleted: ICONGROUP,116,0
-addskip customDbIcons\101.ico, IconGroup, 117,
  Added: ICONGROUP,117,0
-delete IconGroup, 117,
  Deleted: ICONGROUP,117,0
-addskip customDbIcons\101.ico, IconGroup, 118,
  Added: ICONGROUP,118,0
-delete IconGroup, 118,
  Deleted: ICONGROUP,118,0
-addskip customDbIcons\101.ico, IconGroup, 119,
  Added: ICONGROUP,119,0
-delete IconGroup, 119,
  Deleted: ICONGROUP,119,0
-addskip customDbIcons\101.ico, IconGroup, 120,
  Added: ICONGROUP,120,0
-delete IconGroup, 120,
  Deleted: ICONGROUP,120,0
-addskip customDbIcons\101.ico, IconGroup, 121,
  Added: ICONGROUP,121,0
-delete IconGroup, 121,
  Deleted: ICONGROUP,121,0
-addskip customDbIcons\101.ico, IconGroup, 122,
  Added: ICONGROUP,122,0
-delete IconGroup, 122,
  Deleted: ICONGROUP,122,0
-addskip customDbIcons\101.ico, IconGroup, 123,
  Added: ICONGROUP,123,0
-delete IconGroup, 123,
  Deleted: ICONGROUP,123,0
-addskip customDbIcons\101.ico, IconGroup, 124,
  Added: ICONGROUP,124,0
-delete IconGroup, 124,
  Deleted: ICONGROUP,124,0
-addskip customDbIcons\101.ico, IconGroup, 125,
  Added: ICONGROUP,125,0
-delete IconGroup, 125,
  Deleted: ICONGROUP,125,0
-addskip customDbIcons\101.ico, IconGroup, 126,
  Added: ICONGROUP,126,0
-delete IconGroup, 126,
  Deleted: ICONGROUP,126,0
-addskip customDbIcons\101.ico, IconGroup, 127,
  Added: ICONGROUP,127,0
-delete IconGroup, 127,
  Deleted: ICONGROUP,127,0
-addskip customDbIcons\101.ico, IconGroup, 128,
  Added: ICONGROUP,128,0
-delete IconGroup, 128,
  Deleted: ICONGROUP,128,0
-addoverwrite customDbIcons\101.ico, IconGroup, 128,
  Added: ICONGROUP,128,0

Commands completed
